<?xml version="1.0" encoding="UTF-8"?>
<!-- Generated by org.testng.reporters.JUnitReportReporter -->
<testsuite hostname="LAPTOP-DCEI3NGR" failures="0" tests="2" name="rahulshettyacademy.tests.ErrorValidationsTest" time="6.066" errors="0" timestamp="2025-01-04T13:55:41 IST" skipped="0">
  <testcase classname="rahulshettyacademy.tests.ErrorValidationsTest" name="LoginErrorValidation" time="1.827"/>
  <testcase classname="rahulshettyacademy.tests.ErrorValidationsTest" name="ProductErrorValidation" time="4.239"/>
</testsuite> <!-- rahulshettyacademy.tests.ErrorValidationsTest -->
