<?xml version="1.0" encoding="UTF-8"?>
<!-- Generated by org.testng.reporters.JUnitReportReporter -->
<testsuite hostname="LAPTOP-DCEI3NGR" failures="0" tests="3" name="rahulshettyacademy.tests.SubmitOrderTest" time="19.460" errors="0" timestamp="2025-01-01T17:41:55 IST" skipped="0">
  <testcase classname="rahulshettyacademy.tests.SubmitOrderTest" name="submitOrder" time="6.674"/>
  <testcase classname="rahulshettyacademy.tests.SubmitOrderTest" name="submitOrder" time="6.067"/>
  <testcase classname="rahulshettyacademy.tests.SubmitOrderTest" name="OrderHistoryTest" time="6.719"/>
</testsuite> <!-- rahulshettyacademy.tests.SubmitOrderTest -->
