<?xml version="1.0" encoding="UTF-8"?>
<!-- Generated by org.testng.reporters.JUnitReportReporter -->
<testsuite hostname="LAPTOP-DCEI3NGR" failures="0" tests="2" name="cucumber.TestNGTestRunner" time="18.786" errors="0" timestamp="2025-01-06T18:41:53 IST" skipped="0">
  <testcase classname="cucumber.TestNGTestRunner" name="runScenario" time="6.807"/>
  <testcase classname="cucumber.TestNGTestRunner" name="runScenario" time="11.979"/>
</testsuite> <!-- cucumber.TestNGTestRunner -->
