<?xml version="1.0" encoding="UTF-8"?>
<!-- Generated by org.testng.reporters.JUnitReportReporter -->
<testsuite hostname="LAPTOP-DCEI3NGR" failures="0" tests="1" name="rahulshettyacademy.tests.ErrorValidationsTest" time="6.323" errors="0" timestamp="2025-01-01T18:54:17 IST" skipped="0">
  <testcase classname="rahulshettyacademy.tests.ErrorValidationsTest" name="LoginErrorValidation" time="6.323"/>
</testsuite> <!-- rahulshettyacademy.tests.ErrorValidationsTest -->
