<?xml version="1.0" encoding="UTF-8"?>
<!-- Generated by org.testng.reporters.JUnitReportReporter -->
<testsuite hostname="LAPTOP-DCEI3NGR" failures="0" tests="2" name="rahulshettyacademy.tests.SubmitOrderTest" time="15.524" errors="0" timestamp="2025-01-01T18:06:53 IST" skipped="0">
  <testcase classname="rahulshettyacademy.tests.SubmitOrderTest" name="submitOrder" time="7.675"/>
  <testcase classname="rahulshettyacademy.tests.SubmitOrderTest" name="submitOrder" time="7.849"/>
</testsuite> <!-- rahulshettyacademy.tests.SubmitOrderTest -->
